This is pdfTeX, Version 3.141592653-2.6-1.40.25 (TeX Live 2023) (preloaded format=pdflatex 2023.11.5)  23 MAY 2024 19:45
entering extended mode
 restricted \write18 enabled.
 file:line:error style messages enabled.
 %&-line parsing enabled.
**/Users/nikolajprovorov/Yandex.Disk-368690@edu.itmo.ru.localized/Lab_5_FURRY/tex/main.tex
(/Users/nikolajprovorov/Yandex.Disk-368690@edu.itmo.ru.localized/Lab_5_FURRY/tex/main.tex
LaTeX2e <2022-11-01> patch level 1
L3 programming layer <2023-02-22> (/usr/local/texlive/2023/texmf-dist/tex/latex/extsizes/extarticle.cls
Document Class: extarticle 1996/10/08 v1.0 Non Standard LaTeX document class
(/usr/local/texlive/2023/texmf-dist/tex/latex/base/size12.clo
File: size12.clo 2022/07/02 v1.4n Standard LaTeX file (size option)
) (/usr/local/texlive/2023/texmf-dist/tex/latex/base/exscale.sty
Package: exscale 2018/09/24 v2.1i Standard LaTeX package exscale
LaTeX Font Info:    Redeclaring symbol font `largesymbols' on input line 57.
LaTeX Font Info:    Overwriting symbol font `largesymbols' in version `normal'
(Font)                  OMX/cmex/m/n --> OMX/cmex/m/n on input line 57.
LaTeX Font Info:    Overwriting symbol font `largesymbols' in version `bold'
(Font)                  OMX/cmex/m/n --> OMX/cmex/m/n on input line 57.
\big@size=\dimen140
)
\c@part=\count185
\c@section=\count186
\c@subsection=\count187
\c@subsubsection=\count188
\c@paragraph=\count189
\c@subparagraph=\count190
\c@figure=\count191
\c@table=\count192
\abovecaptionskip=\skip48
\belowcaptionskip=\skip49
\bibindent=\dimen141
) (/usr/local/texlive/2023/texmf-dist/tex/latex/base/inputenc.sty
Package: inputenc 2021/02/14 v1.3d Input encoding file
\inpenc@prehook=\toks16
\inpenc@posthook=\toks17
) (/usr/local/texlive/2023/texmf-dist/tex/generic/babel/babel.sty
Package: babel 2023/02/13 3.86 The Babel package
\babel@savecnt=\count193
\U@D=\dimen142
\l@unhyphenated=\language87
 (/usr/local/texlive/2023/texmf-dist/tex/generic/babel/txtbabel.def)
\bbl@readstream=\read2
\bbl@dirlevel=\count194
 (/usr/local/texlive/2023/texmf-dist/tex/generic/babel-english/english.ldf
Language: english 2017/06/06 v3.3r English support from the babel system
Package babel Info: Hyphen rules for 'canadian' set to \l@english
(babel)             (\language0). Reported on input line 102.
Package babel Info: Hyphen rules for 'australian' set to \l@ukenglish
(babel)             (\language21). Reported on input line 105.
Package babel Info: Hyphen rules for 'newzealand' set to \l@ukenglish
(babel)             (\language21). Reported on input line 108.
) (/usr/local/texlive/2023/texmf-dist/tex/generic/babel-russian/russianb.ldf
File: russianb.ldf 2021/01/10 1.3m Russian support for the Babel system
Language: russian 2020/09/09 1.3k Russian support for the Babel system


Package babel Warning: No Cyrillic font encoding has been loaded so far.
(babel)                A font encoding should be declared before babel.
(babel)                Default `T2A' encoding will be loaded  on input line 78.

(/usr/local/texlive/2023/texmf-dist/tex/latex/cyrillic/t2aenc.def
File: t2aenc.def 2022/06/11 v1.0j Cyrillic encoding definition file
Now handling font encoding T2A ...
... processing UTF-8 mapping file for font encoding T2A
 (/usr/local/texlive/2023/texmf-dist/tex/latex/base/t2aenc.dfu
File: t2aenc.dfu 2022/06/07 v1.3c UTF-8 support
   defining Unicode char U+00A4 (decimal 164)
   defining Unicode char U+00A7 (decimal 167)
   defining Unicode char U+00AB (decimal 171)
   defining Unicode char U+00BB (decimal 187)
   defining Unicode char U+0131 (decimal 305)
   defining Unicode char U+0237 (decimal 567)
   defining Unicode char U+0400 (decimal 1024)
   defining Unicode char U+0401 (decimal 1025)
   defining Unicode char U+0402 (decimal 1026)
   defining Unicode char U+0403 (decimal 1027)
   defining Unicode char U+0404 (decimal 1028)
   defining Unicode char U+0405 (decimal 1029)
   defining Unicode char U+0406 (decimal 1030)
   defining Unicode char U+0407 (decimal 1031)
   defining Unicode char U+0408 (decimal 1032)
   defining Unicode char U+0409 (decimal 1033)
   defining Unicode char U+040A (decimal 1034)
   defining Unicode char U+040B (decimal 1035)
   defining Unicode char U+040C (decimal 1036)
   defining Unicode char U+040D (decimal 1037)
   defining Unicode char U+040E (decimal 1038)
   defining Unicode char U+040F (decimal 1039)
   defining Unicode char U+0410 (decimal 1040)
   defining Unicode char U+0411 (decimal 1041)
   defining Unicode char U+0412 (decimal 1042)
   defining Unicode char U+0413 (decimal 1043)
   defining Unicode char U+0414 (decimal 1044)
   defining Unicode char U+0415 (decimal 1045)
   defining Unicode char U+0416 (decimal 1046)
   defining Unicode char U+0417 (decimal 1047)
   defining Unicode char U+0418 (decimal 1048)
   defining Unicode char U+0419 (decimal 1049)
   defining Unicode char U+041A (decimal 1050)
   defining Unicode char U+041B (decimal 1051)
   defining Unicode char U+041C (decimal 1052)
   defining Unicode char U+041D (decimal 1053)
   defining Unicode char U+041E (decimal 1054)
   defining Unicode char U+041F (decimal 1055)
   defining Unicode char U+0420 (decimal 1056)
   defining Unicode char U+0421 (decimal 1057)
   defining Unicode char U+0422 (decimal 1058)
   defining Unicode char U+0423 (decimal 1059)
   defining Unicode char U+0424 (decimal 1060)
   defining Unicode char U+0425 (decimal 1061)
   defining Unicode char U+0426 (decimal 1062)
   defining Unicode char U+0427 (decimal 1063)
   defining Unicode char U+0428 (decimal 1064)
   defining Unicode char U+0429 (decimal 1065)
   defining Unicode char U+042A (decimal 1066)
   defining Unicode char U+042B (decimal 1067)
   defining Unicode char U+042C (decimal 1068)
   defining Unicode char U+042D (decimal 1069)
   defining Unicode char U+042E (decimal 1070)
   defining Unicode char U+042F (decimal 1071)
   defining Unicode char U+0430 (decimal 1072)
   defining Unicode char U+0431 (decimal 1073)
   defining Unicode char U+0432 (decimal 1074)
   defining Unicode char U+0433 (decimal 1075)
   defining Unicode char U+0434 (decimal 1076)
   defining Unicode char U+0435 (decimal 1077)
   defining Unicode char U+0436 (decimal 1078)
   defining Unicode char U+0437 (decimal 1079)
   defining Unicode char U+0438 (decimal 1080)
   defining Unicode char U+0439 (decimal 1081)
   defining Unicode char U+043A (decimal 1082)
   defining Unicode char U+043B (decimal 1083)
   defining Unicode char U+043C (decimal 1084)
   defining Unicode char U+043D (decimal 1085)
   defining Unicode char U+043E (decimal 1086)
   defining Unicode char U+043F (decimal 1087)
   defining Unicode char U+0440 (decimal 1088)
   defining Unicode char U+0441 (decimal 1089)
   defining Unicode char U+0442 (decimal 1090)
   defining Unicode char U+0443 (decimal 1091)
   defining Unicode char U+0444 (decimal 1092)
   defining Unicode char U+0445 (decimal 1093)
   defining Unicode char U+0446 (decimal 1094)
   defining Unicode char U+0447 (decimal 1095)
   defining Unicode char U+0448 (decimal 1096)
   defining Unicode char U+0449 (decimal 1097)
   defining Unicode char U+044A (decimal 1098)
   defining Unicode char U+044B (decimal 1099)
   defining Unicode char U+044C (decimal 1100)
   defining Unicode char U+044D (decimal 1101)
   defining Unicode char U+044E (decimal 1102)
   defining Unicode char U+044F (decimal 1103)
   defining Unicode char U+0450 (decimal 1104)
   defining Unicode char U+0451 (decimal 1105)
   defining Unicode char U+0452 (decimal 1106)
   defining Unicode char U+0453 (decimal 1107)
   defining Unicode char U+0454 (decimal 1108)
   defining Unicode char U+0455 (decimal 1109)
   defining Unicode char U+0456 (decimal 1110)
   defining Unicode char U+0457 (decimal 1111)
   defining Unicode char U+0458 (decimal 1112)
   defining Unicode char U+0459 (decimal 1113)
   defining Unicode char U+045A (decimal 1114)
   defining Unicode char U+045B (decimal 1115)
   defining Unicode char U+045C (decimal 1116)
   defining Unicode char U+045D (decimal 1117)
   defining Unicode char U+045E (decimal 1118)
   defining Unicode char U+045F (decimal 1119)
   defining Unicode char U+0490 (decimal 1168)
   defining Unicode char U+0491 (decimal 1169)
   defining Unicode char U+0492 (decimal 1170)
   defining Unicode char U+0493 (decimal 1171)
   defining Unicode char U+0496 (decimal 1174)
   defining Unicode char U+0497 (decimal 1175)
   defining Unicode char U+0498 (decimal 1176)
   defining Unicode char U+0499 (decimal 1177)
   defining Unicode char U+049A (decimal 1178)
   defining Unicode char U+049B (decimal 1179)
   defining Unicode char U+049C (decimal 1180)
   defining Unicode char U+049D (decimal 1181)
   defining Unicode char U+04A0 (decimal 1184)
   defining Unicode char U+04A1 (decimal 1185)
   defining Unicode char U+04A2 (decimal 1186)
   defining Unicode char U+04A3 (decimal 1187)
   defining Unicode char U+04A4 (decimal 1188)
   defining Unicode char U+04A5 (decimal 1189)
   defining Unicode char U+04AA (decimal 1194)
   defining Unicode char U+04AB (decimal 1195)
   defining Unicode char U+04AE (decimal 1198)
   defining Unicode char U+04AF (decimal 1199)
   defining Unicode char U+04B0 (decimal 1200)
   defining Unicode char U+04B1 (decimal 1201)
   defining Unicode char U+04B2 (decimal 1202)
   defining Unicode char U+04B3 (decimal 1203)
   defining Unicode char U+04B6 (decimal 1206)
   defining Unicode char U+04B7 (decimal 1207)
   defining Unicode char U+04B8 (decimal 1208)
   defining Unicode char U+04B9 (decimal 1209)
   defining Unicode char U+04BA (decimal 1210)
   defining Unicode char U+04BB (decimal 1211)
   defining Unicode char U+04C0 (decimal 1216)
   defining Unicode char U+04C1 (decimal 1217)
   defining Unicode char U+04C2 (decimal 1218)
   defining Unicode char U+04D0 (decimal 1232)
   defining Unicode char U+04D1 (decimal 1233)
   defining Unicode char U+04D2 (decimal 1234)
   defining Unicode char U+04D3 (decimal 1235)
   defining Unicode char U+04D4 (decimal 1236)
   defining Unicode char U+04D5 (decimal 1237)
   defining Unicode char U+04D6 (decimal 1238)
   defining Unicode char U+04D7 (decimal 1239)
   defining Unicode char U+04D8 (decimal 1240)
   defining Unicode char U+04D9 (decimal 1241)
   defining Unicode char U+04DA (decimal 1242)
   defining Unicode char U+04DB (decimal 1243)
   defining Unicode char U+04DC (decimal 1244)
   defining Unicode char U+04DD (decimal 1245)
   defining Unicode char U+04DE (decimal 1246)
   defining Unicode char U+04DF (decimal 1247)
   defining Unicode char U+04E2 (decimal 1250)
   defining Unicode char U+04E3 (decimal 1251)
   defining Unicode char U+04E4 (decimal 1252)
   defining Unicode char U+04E5 (decimal 1253)
   defining Unicode char U+04E6 (decimal 1254)
   defining Unicode char U+04E7 (decimal 1255)
   defining Unicode char U+04E8 (decimal 1256)
   defining Unicode char U+04E9 (decimal 1257)
   defining Unicode char U+04EC (decimal 1260)
   defining Unicode char U+04ED (decimal 1261)
   defining Unicode char U+04EE (decimal 1262)
   defining Unicode char U+04EF (decimal 1263)
   defining Unicode char U+04F0 (decimal 1264)
   defining Unicode char U+04F1 (decimal 1265)
   defining Unicode char U+04F2 (decimal 1266)
   defining Unicode char U+04F3 (decimal 1267)
   defining Unicode char U+04F4 (decimal 1268)
   defining Unicode char U+04F5 (decimal 1269)
   defining Unicode char U+04F8 (decimal 1272)
   defining Unicode char U+04F9 (decimal 1273)
   defining Unicode char U+200C (decimal 8204)
   defining Unicode char U+2013 (decimal 8211)
   defining Unicode char U+2014 (decimal 8212)
   defining Unicode char U+2018 (decimal 8216)
   defining Unicode char U+2019 (decimal 8217)
   defining Unicode char U+201C (decimal 8220)
   defining Unicode char U+201D (decimal 8221)
   defining Unicode char U+201E (decimal 8222)
   defining Unicode char U+2030 (decimal 8240)
   defining Unicode char U+2031 (decimal 8241)
   defining Unicode char U+2116 (decimal 8470)
   defining Unicode char U+2329 (decimal 9001)
   defining Unicode char U+3008 (decimal 12296)
   defining Unicode char U+232A (decimal 9002)
   defining Unicode char U+3009 (decimal 12297)
   defining Unicode char U+2423 (decimal 9251)
   defining Unicode char U+27E8 (decimal 10216)
   defining Unicode char U+27E9 (decimal 10217)
   defining Unicode char U+FB00 (decimal 64256)
   defining Unicode char U+FB01 (decimal 64257)
   defining Unicode char U+FB02 (decimal 64258)
   defining Unicode char U+FB03 (decimal 64259)
   defining Unicode char U+FB04 (decimal 64260)
   defining Unicode char U+FB05 (decimal 64261)
   defining Unicode char U+FB06 (decimal 64262)
))
Package babel Info: Making " an active character on input line 124.
Package babel Info: Default for \cyrdash is provided on input line 163.
)) (/usr/local/texlive/2023/texmf-dist/tex/generic/babel/locale/ru/babel-russian.tex
Package babel Info: Importing font and identification data for russian
(babel)             from babel-ru.ini. Reported on input line 11.
) (/usr/local/texlive/2023/texmf-dist/tex/generic/babel/locale/en/babel-english.tex
Package babel Info: Importing font and identification data for english
(babel)             from babel-en.ini. Reported on input line 11.
) (/usr/local/texlive/2023/texmf-dist/tex/latex/geometry/geometry.sty
Package: geometry 2020/01/02 v5.9 Page Geometry
 (/usr/local/texlive/2023/texmf-dist/tex/latex/graphics/keyval.sty
Package: keyval 2022/05/29 v1.15 key=value parser (DPC)
\KV@toks@=\toks18
) (/usr/local/texlive/2023/texmf-dist/tex/generic/iftex/ifvtex.sty
Package: ifvtex 2019/10/25 v1.7 ifvtex legacy package. Use iftex instead.
 (/usr/local/texlive/2023/texmf-dist/tex/generic/iftex/iftex.sty
Package: iftex 2022/02/03 v1.0f TeX engine tests
))
\Gm@cnth=\count195
\Gm@cntv=\count196
\c@Gm@tempcnt=\count197
\Gm@bindingoffset=\dimen143
\Gm@wd@mp=\dimen144
\Gm@odd@mp=\dimen145
\Gm@even@mp=\dimen146
\Gm@layoutwidth=\dimen147
\Gm@layoutheight=\dimen148
\Gm@layouthoffset=\dimen149
\Gm@layoutvoffset=\dimen150
\Gm@dimlist=\toks19
) (/usr/local/texlive/2023/texmf-dist/tex/latex/graphics/graphicx.sty
Package: graphicx 2021/09/16 v1.2d Enhanced LaTeX Graphics (DPC,SPQR)
 (/usr/local/texlive/2023/texmf-dist/tex/latex/graphics/graphics.sty
Package: graphics 2022/03/10 v1.4e Standard LaTeX Graphics (DPC,SPQR)
 (/usr/local/texlive/2023/texmf-dist/tex/latex/graphics/trig.sty
Package: trig 2021/08/11 v1.11 sin cos tan (DPC)
) (/usr/local/texlive/2023/texmf-dist/tex/latex/graphics-cfg/graphics.cfg
File: graphics.cfg 2016/06/04 v1.11 sample graphics configuration
)
Package graphics Info: Driver file: pdftex.def on input line 107.
 (/usr/local/texlive/2023/texmf-dist/tex/latex/graphics-def/pdftex.def
File: pdftex.def 2022/09/22 v1.2b Graphics/color driver for pdftex
))
\Gin@req@height=\dimen151
\Gin@req@width=\dimen152
) (/usr/local/texlive/2023/texmf-dist/tex/latex/hyperref/hyperref.sty
Package: hyperref 2023-02-07 v7.00v Hypertext links for LaTeX
 (/usr/local/texlive/2023/texmf-dist/tex/generic/ltxcmds/ltxcmds.sty
Package: ltxcmds 2020-05-10 v1.25 LaTeX kernel commands for general use (HO)
) (/usr/local/texlive/2023/texmf-dist/tex/generic/pdftexcmds/pdftexcmds.sty
Package: pdftexcmds 2020-06-27 v0.33 Utility functions of pdfTeX for LuaTeX (HO)
 (/usr/local/texlive/2023/texmf-dist/tex/generic/infwarerr/infwarerr.sty
Package: infwarerr 2019/12/03 v1.5 Providing info/warning/error messages (HO)
)
Package pdftexcmds Info: \pdf@primitive is available.
Package pdftexcmds Info: \pdf@ifprimitive is available.
Package pdftexcmds Info: \pdfdraftmode found.
) (/usr/local/texlive/2023/texmf-dist/tex/latex/kvsetkeys/kvsetkeys.sty
Package: kvsetkeys 2022-10-05 v1.19 Key value parser (HO)
) (/usr/local/texlive/2023/texmf-dist/tex/generic/kvdefinekeys/kvdefinekeys.sty
Package: kvdefinekeys 2019-12-19 v1.6 Define keys (HO)
) (/usr/local/texlive/2023/texmf-dist/tex/generic/pdfescape/pdfescape.sty
Package: pdfescape 2019/12/09 v1.15 Implements pdfTeX's escape features (HO)
) (/usr/local/texlive/2023/texmf-dist/tex/latex/hycolor/hycolor.sty
Package: hycolor 2020-01-27 v1.10 Color options for hyperref/bookmark (HO)
) (/usr/local/texlive/2023/texmf-dist/tex/latex/letltxmacro/letltxmacro.sty
Package: letltxmacro 2019/12/03 v1.6 Let assignment for LaTeX macros (HO)
) (/usr/local/texlive/2023/texmf-dist/tex/latex/auxhook/auxhook.sty
Package: auxhook 2019-12-17 v1.6 Hooks for auxiliary files (HO)
) (/usr/local/texlive/2023/texmf-dist/tex/latex/hyperref/nameref.sty
Package: nameref 2022-05-17 v2.50 Cross-referencing by name of section
 (/usr/local/texlive/2023/texmf-dist/tex/latex/refcount/refcount.sty
Package: refcount 2019/12/15 v3.6 Data extraction from label references (HO)
) (/usr/local/texlive/2023/texmf-dist/tex/generic/gettitlestring/gettitlestring.sty
Package: gettitlestring 2019/12/15 v1.6 Cleanup title references (HO)
 (/usr/local/texlive/2023/texmf-dist/tex/latex/kvoptions/kvoptions.sty
Package: kvoptions 2022-06-15 v3.15 Key value format for package options (HO)
))
\c@section@level=\count198
)
\@linkdim=\dimen153
\Hy@linkcounter=\count199
\Hy@pagecounter=\count266
 (/usr/local/texlive/2023/texmf-dist/tex/latex/hyperref/pd1enc.def
File: pd1enc.def 2023-02-07 v7.00v Hyperref: PDFDocEncoding definition (HO)
Now handling font encoding PD1 ...
... no UTF-8 mapping file for font encoding PD1
) (/usr/local/texlive/2023/texmf-dist/tex/generic/intcalc/intcalc.sty
Package: intcalc 2019/12/15 v1.3 Expandable calculations with integers (HO)
) (/usr/local/texlive/2023/texmf-dist/tex/generic/etexcmds/etexcmds.sty
Package: etexcmds 2019/12/15 v1.7 Avoid name clashes with e-TeX commands (HO)
)
\Hy@SavedSpaceFactor=\count267
 (/usr/local/texlive/2023/texmf-dist/tex/latex/hyperref/puenc.def
File: puenc.def 2023-02-07 v7.00v Hyperref: PDF Unicode definition (HO)
Now handling font encoding PU ...
... no UTF-8 mapping file for font encoding PU
)
Package hyperref Info: Option `unicode' set `true' on input line 3164.
Package hyperref Info: Hyper figures OFF on input line 4177.
Package hyperref Info: Link nesting OFF on input line 4182.
Package hyperref Info: Hyper index ON on input line 4185.
Package hyperref Info: Plain pages OFF on input line 4192.
Package hyperref Info: Backreferencing OFF on input line 4197.
Package hyperref Info: Implicit mode ON; LaTeX internals redefined.
Package hyperref Info: Bookmarks ON on input line 4425.
\c@Hy@tempcnt=\count268
 (/usr/local/texlive/2023/texmf-dist/tex/latex/url/url.sty
\Urlmuskip=\muskip16
Package: url 2013/09/16  ver 3.4  Verb mode for urls, etc.
)
LaTeX Info: Redefining \url on input line 4763.
\XeTeXLinkMargin=\dimen154
 (/usr/local/texlive/2023/texmf-dist/tex/generic/bitset/bitset.sty
Package: bitset 2019/12/09 v1.3 Handle bit-vector datatype (HO)
 (/usr/local/texlive/2023/texmf-dist/tex/generic/bigintcalc/bigintcalc.sty
Package: bigintcalc 2019/12/15 v1.5 Expandable calculations on big integers (HO)
))
\Fld@menulength=\count269
\Field@Width=\dimen155
\Fld@charsize=\dimen156
Package hyperref Info: Hyper figures OFF on input line 6042.
Package hyperref Info: Link nesting OFF on input line 6047.
Package hyperref Info: Hyper index ON on input line 6050.
Package hyperref Info: backreferencing OFF on input line 6057.
Package hyperref Info: Link coloring OFF on input line 6062.
Package hyperref Info: Link coloring with OCG OFF on input line 6067.
Package hyperref Info: PDF/A mode OFF on input line 6072.
 (/usr/local/texlive/2023/texmf-dist/tex/latex/base/atbegshi-ltx.sty
Package: atbegshi-ltx 2021/01/10 v1.0c Emulation of the original atbegshi
package with kernel methods
)
\Hy@abspage=\count270
\c@Item=\count271
\c@Hfootnote=\count272
)
Package hyperref Info: Driver (autodetected): hpdftex.
 (/usr/local/texlive/2023/texmf-dist/tex/latex/hyperref/hpdftex.def
File: hpdftex.def 2023-02-07 v7.00v Hyperref driver for pdfTeX
 (/usr/local/texlive/2023/texmf-dist/tex/latex/base/atveryend-ltx.sty
Package: atveryend-ltx 2020/08/19 v1.0a Emulation of the original atveryend package
with kernel methods
)
\Fld@listcount=\count273
\c@bookmark@seq@number=\count274
 (/usr/local/texlive/2023/texmf-dist/tex/latex/rerunfilecheck/rerunfilecheck.sty
Package: rerunfilecheck 2022-07-10 v1.10 Rerun checks for auxiliary files (HO)
 (/usr/local/texlive/2023/texmf-dist/tex/generic/uniquecounter/uniquecounter.sty
Package: uniquecounter 2019/12/15 v1.4 Provide unlimited unique counter (HO)
)
Package uniquecounter Info: New unique counter `rerunfilecheck' on input line 285.
)
\Hy@SectionHShift=\skip50
) (/usr/local/texlive/2023/texmf-dist/tex/latex/amsmath/amsmath.sty
Package: amsmath 2022/04/08 v2.17n AMS math features
\@mathmargin=\skip51

For additional information on amsmath, use the `?' option.
(/usr/local/texlive/2023/texmf-dist/tex/latex/amsmath/amstext.sty
Package: amstext 2021/08/26 v2.01 AMS text
 (/usr/local/texlive/2023/texmf-dist/tex/latex/amsmath/amsgen.sty
File: amsgen.sty 1999/11/30 v2.0 generic functions
\@emptytoks=\toks20
\ex@=\dimen157
)) (/usr/local/texlive/2023/texmf-dist/tex/latex/amsmath/amsbsy.sty
Package: amsbsy 1999/11/29 v1.2d Bold Symbols
\pmbraise@=\dimen158
) (/usr/local/texlive/2023/texmf-dist/tex/latex/amsmath/amsopn.sty
Package: amsopn 2022/04/08 v2.04 operator names
)
\inf@bad=\count275
LaTeX Info: Redefining \frac on input line 234.
\uproot@=\count276
\leftroot@=\count277
LaTeX Info: Redefining \overline on input line 399.
LaTeX Info: Redefining \colon on input line 410.
\classnum@=\count278
\DOTSCASE@=\count279
LaTeX Info: Redefining \ldots on input line 496.
LaTeX Info: Redefining \dots on input line 499.
LaTeX Info: Redefining \cdots on input line 620.
\Mathstrutbox@=\box51
\strutbox@=\box52
LaTeX Info: Redefining \big on input line 722.
LaTeX Info: Redefining \Big on input line 723.
LaTeX Info: Redefining \bigg on input line 724.
LaTeX Info: Redefining \Bigg on input line 725.
\big@size=\dimen159
LaTeX Font Info:    Redeclaring font encoding OML on input line 743.
LaTeX Font Info:    Redeclaring font encoding OMS on input line 744.
\macc@depth=\count280
LaTeX Info: Redefining \bmod on input line 905.
LaTeX Info: Redefining \pmod on input line 910.
LaTeX Info: Redefining \smash on input line 940.
LaTeX Info: Redefining \relbar on input line 970.
LaTeX Info: Redefining \Relbar on input line 971.
\c@MaxMatrixCols=\count281
\dotsspace@=\muskip17
\c@parentequation=\count282
\dspbrk@lvl=\count283
\tag@help=\toks21
\row@=\count284
\column@=\count285
\maxfields@=\count286
\andhelp@=\toks22
\eqnshift@=\dimen160
\alignsep@=\dimen161
\tagshift@=\dimen162
\tagwidth@=\dimen163
\totwidth@=\dimen164
\lineht@=\dimen165
\@envbody=\toks23
\multlinegap=\skip52
\multlinetaggap=\skip53
\mathdisplay@stack=\toks24
LaTeX Info: Redefining \[ on input line 2953.
LaTeX Info: Redefining \] on input line 2954.
) (/usr/local/texlive/2023/texmf-dist/tex/latex/setspace/setspace.sty
Package: setspace 2022/12/04 v6.7b set line spacing
) (/usr/local/texlive/2023/texmf-dist/tex/latex/tools/indentfirst.sty
Package: indentfirst 1995/11/23 v1.03 Indent first paragraph (DPC)
) (/usr/local/texlive/2023/texmf-dist/tex/latex/listings/listings.sty
\lst@mode=\count287
\lst@gtempboxa=\box53
\lst@token=\toks25
\lst@length=\count288
\lst@currlwidth=\dimen166
\lst@column=\count289
\lst@pos=\count290
\lst@lostspace=\dimen167
\lst@width=\dimen168
\lst@newlines=\count291
\lst@lineno=\count292
\lst@maxwidth=\dimen169
 (/usr/local/texlive/2023/texmf-dist/tex/latex/listings/lstmisc.sty
File: lstmisc.sty 2023/02/27 1.9 (Carsten Heinz)
\c@lstnumber=\count293
\lst@skipnumbers=\count294
\lst@framebox=\box54
) (/usr/local/texlive/2023/texmf-dist/tex/latex/listings/listings.cfg
File: listings.cfg 2023/02/27 1.9 listings configuration
))
Package: listings 2023/02/27 1.9 (Carsten Heinz)
 (/usr/local/texlive/2023/texmf-dist/tex/latex/xcolor/xcolor.sty
Package: xcolor 2022/06/12 v2.14 LaTeX color extensions (UK)
 (/usr/local/texlive/2023/texmf-dist/tex/latex/graphics-cfg/color.cfg
File: color.cfg 2016/01/02 v1.6 sample color configuration
)
Package xcolor Info: Driver file: pdftex.def on input line 227.
 (/usr/local/texlive/2023/texmf-dist/tex/latex/graphics/mathcolor.ltx)
Package xcolor Info: Model `cmy' substituted by `cmy0' on input line 1353.
Package xcolor Info: Model `hsb' substituted by `rgb' on input line 1357.
Package xcolor Info: Model `RGB' extended on input line 1369.
Package xcolor Info: Model `HTML' substituted by `rgb' on input line 1371.
Package xcolor Info: Model `Hsb' substituted by `hsb' on input line 1372.
Package xcolor Info: Model `tHsb' substituted by `hsb' on input line 1373.
Package xcolor Info: Model `HSB' substituted by `hsb' on input line 1374.
Package xcolor Info: Model `Gray' substituted by `gray' on input line 1375.
Package xcolor Info: Model `wave' substituted by `hsb' on input line 1376.
) (/usr/local/texlive/2023/texmf-dist/tex/latex/sourcecodepro/sourcecodepro.sty
Package: sourcecodepro 2018/01/13 v2.7 Adobe's Source Code Pro typeface
 (/usr/local/texlive/2023/texmf-dist/tex/generic/iftex/ifxetex.sty
Package: ifxetex 2019/10/25 v0.7 ifxetex legacy package. Use iftex instead.
) (/usr/local/texlive/2023/texmf-dist/tex/generic/iftex/ifluatex.sty
Package: ifluatex 2019/10/25 v1.5 ifluatex legacy package. Use iftex instead.
) (/usr/local/texlive/2023/texmf-dist/tex/latex/xkeyval/xkeyval.sty
Package: xkeyval 2022/06/16 v2.9 package option processing (HA)
 (/usr/local/texlive/2023/texmf-dist/tex/generic/xkeyval/xkeyval.tex (/usr/local/texlive/2023/texmf-dist/tex/generic/xkeyval/xkvutils.tex
\XKV@toks=\toks26
\XKV@tempa@toks=\toks27
)
\XKV@depth=\count295
File: xkeyval.tex 2014/12/03 v2.7a key=value parser (HA)
)) (/usr/local/texlive/2023/texmf-dist/tex/latex/base/fontenc.sty
Package: fontenc 2021/04/29 v2.0v Standard LaTeX package
 (/usr/local/texlive/2023/texmf-dist/tex/latex/ly1/ly1enc.def
File: ly1enc.def 2022/06/11 v0.8 TeX 'n ANSI encoding (DPC/KB)
Now handling font encoding LY1 ...
... processing UTF-8 mapping file for font encoding LY1
 (/usr/local/texlive/2023/texmf-dist/tex/latex/base/ly1enc.dfu
File: ly1enc.dfu 2022/06/07 v1.3c UTF-8 support
   defining Unicode char U+00A0 (decimal 160)
   defining Unicode char U+00A1 (decimal 161)
   defining Unicode char U+00A2 (decimal 162)
   defining Unicode char U+00A3 (decimal 163)
   defining Unicode char U+00A4 (decimal 164)
   defining Unicode char U+00A5 (decimal 165)
   defining Unicode char U+00A6 (decimal 166)
   defining Unicode char U+00A7 (decimal 167)
   defining Unicode char U+00AA (decimal 170)
   defining Unicode char U+00AB (decimal 171)
   defining Unicode char U+00AD (decimal 173)
   defining Unicode char U+00AE (decimal 174)
   defining Unicode char U+00B0 (decimal 176)
   defining Unicode char U+00B5 (decimal 181)
   defining Unicode char U+00B6 (decimal 182)
   defining Unicode char U+00B7 (decimal 183)
   defining Unicode char U+00BA (decimal 186)
   defining Unicode char U+00BB (decimal 187)
   defining Unicode char U+00BC (decimal 188)
   defining Unicode char U+00BD (decimal 189)
   defining Unicode char U+00BE (decimal 190)
   defining Unicode char U+00BF (decimal 191)
   defining Unicode char U+00C0 (decimal 192)
   defining Unicode char U+00C1 (decimal 193)
   defining Unicode char U+00C2 (decimal 194)
   defining Unicode char U+00C3 (decimal 195)
   defining Unicode char U+00C4 (decimal 196)
   defining Unicode char U+00C5 (decimal 197)
   defining Unicode char U+00C6 (decimal 198)
   defining Unicode char U+00C7 (decimal 199)
   defining Unicode char U+00C8 (decimal 200)
   defining Unicode char U+00C9 (decimal 201)
   defining Unicode char U+00CA (decimal 202)
   defining Unicode char U+00CB (decimal 203)
   defining Unicode char U+00CC (decimal 204)
   defining Unicode char U+00CD (decimal 205)
   defining Unicode char U+00CE (decimal 206)
   defining Unicode char U+00CF (decimal 207)
   defining Unicode char U+00D0 (decimal 208)
   defining Unicode char U+00D1 (decimal 209)
   defining Unicode char U+00D2 (decimal 210)
   defining Unicode char U+00D3 (decimal 211)
   defining Unicode char U+00D4 (decimal 212)
   defining Unicode char U+00D5 (decimal 213)
   defining Unicode char U+00D6 (decimal 214)
   defining Unicode char U+00D8 (decimal 216)
   defining Unicode char U+00D9 (decimal 217)
   defining Unicode char U+00DA (decimal 218)
   defining Unicode char U+00DB (decimal 219)
   defining Unicode char U+00DC (decimal 220)
   defining Unicode char U+00DD (decimal 221)
   defining Unicode char U+00DE (decimal 222)
   defining Unicode char U+00DF (decimal 223)
   defining Unicode char U+00E0 (decimal 224)
   defining Unicode char U+00E1 (decimal 225)
   defining Unicode char U+00E2 (decimal 226)
   defining Unicode char U+00E3 (decimal 227)
   defining Unicode char U+00E4 (decimal 228)
   defining Unicode char U+00E5 (decimal 229)
   defining Unicode char U+00E6 (decimal 230)
   defining Unicode char U+00E7 (decimal 231)
   defining Unicode char U+00E8 (decimal 232)
   defining Unicode char U+00E9 (decimal 233)
   defining Unicode char U+00EA (decimal 234)
   defining Unicode char U+00EB (decimal 235)
   defining Unicode char U+00EC (decimal 236)
   defining Unicode char U+00ED (decimal 237)
   defining Unicode char U+00EE (decimal 238)
   defining Unicode char U+00EF (decimal 239)
   defining Unicode char U+00F0 (decimal 240)
   defining Unicode char U+00F1 (decimal 241)
   defining Unicode char U+00F2 (decimal 242)
   defining Unicode char U+00F3 (decimal 243)
   defining Unicode char U+00F4 (decimal 244)
   defining Unicode char U+00F5 (decimal 245)
   defining Unicode char U+00F6 (decimal 246)
   defining Unicode char U+00F8 (decimal 248)
   defining Unicode char U+00F9 (decimal 249)
   defining Unicode char U+00FA (decimal 250)
   defining Unicode char U+00FB (decimal 251)
   defining Unicode char U+00FC (decimal 252)
   defining Unicode char U+00FD (decimal 253)
   defining Unicode char U+00FE (decimal 254)
   defining Unicode char U+00FF (decimal 255)
   defining Unicode char U+0131 (decimal 305)
   defining Unicode char U+0141 (decimal 321)
   defining Unicode char U+0142 (decimal 322)
   defining Unicode char U+0152 (decimal 338)
   defining Unicode char U+0153 (decimal 339)
   defining Unicode char U+0160 (decimal 352)
   defining Unicode char U+0161 (decimal 353)
   defining Unicode char U+0174 (decimal 372)
   defining Unicode char U+0175 (decimal 373)
   defining Unicode char U+0176 (decimal 374)
   defining Unicode char U+0177 (decimal 375)
   defining Unicode char U+0178 (decimal 376)
   defining Unicode char U+017D (decimal 381)
   defining Unicode char U+017E (decimal 382)
   defining Unicode char U+0192 (decimal 402)
   defining Unicode char U+0218 (decimal 536)
   defining Unicode char U+0219 (decimal 537)
   defining Unicode char U+021A (decimal 538)
   defining Unicode char U+021B (decimal 539)
   defining Unicode char U+0237 (decimal 567)
   defining Unicode char U+02C6 (decimal 710)
   defining Unicode char U+02DC (decimal 732)
   defining Unicode char U+2013 (decimal 8211)
   defining Unicode char U+2014 (decimal 8212)
   defining Unicode char U+201C (decimal 8220)
   defining Unicode char U+201D (decimal 8221)
   defining Unicode char U+2020 (decimal 8224)
   defining Unicode char U+2021 (decimal 8225)
   defining Unicode char U+2022 (decimal 8226)
   defining Unicode char U+2026 (decimal 8230)
   defining Unicode char U+2030 (decimal 8240)
   defining Unicode char U+2039 (decimal 8249)
   defining Unicode char U+203A (decimal 8250)
   defining Unicode char U+2122 (decimal 8482)
   defining Unicode char U+FB00 (decimal 64256)
   defining Unicode char U+FB01 (decimal 64257)
   defining Unicode char U+FB02 (decimal 64258)
   defining Unicode char U+FB03 (decimal 64259)
   defining Unicode char U+FB04 (decimal 64260)
   defining Unicode char U+FB05 (decimal 64261)
   defining Unicode char U+FB06 (decimal 64262)
)))) (/usr/local/texlive/2023/texmf-dist/tex/latex/cmap/cmap.sty
Package: cmap 2021/02/06 v1.0j CMap support: searchable PDF


Package cmap Warning: fontenc already loaded - some fonts may be unprocessed.

)
Package hyperref Info: Option `colorlinks' set `true' on input line 44.
 (/usr/local/texlive/2023/texmf-dist/tex/latex/listings/lstlang1.sty
File: lstlang1.sty 2023/02/27 1.9 listings language file
) (/usr/local/texlive/2023/texmf-dist/tex/latex/l3backend/l3backend-pdftex.def
File: l3backend-pdftex.def 2023-01-16 L3 backend support: PDF output (pdfTeX)
\l__color_backend_stack_int=\count296
\l__pdf_internal_box=\box55
) (./main.aux (./unformal_title.aux)
LaTeX Font Info:    Trying to load font information for T2A+cmr on input line 20.
 (/usr/local/texlive/2023/texmf-dist/tex/latex/cyrillic/t2acmr.fd
File: t2acmr.fd 2001/08/11 v1.0a Computer Modern Cyrillic font definitions
)<<t2a.cmap>> (./content.aux))
\openout1 = `main.aux'.

LaTeX Font Info:    Checking defaults for OML/cmm/m/it on input line 123.
LaTeX Font Info:    ... okay on input line 123.
LaTeX Font Info:    Checking defaults for OMS/cmsy/m/n on input line 123.
LaTeX Font Info:    ... okay on input line 123.
LaTeX Font Info:    Checking defaults for OT1/cmr/m/n on input line 123.
LaTeX Font Info:    ... okay on input line 123.
LaTeX Font Info:    Checking defaults for T1/cmr/m/n on input line 123.
LaTeX Font Info:    ... okay on input line 123.
LaTeX Font Info:    Checking defaults for TS1/cmr/m/n on input line 123.
LaTeX Font Info:    ... okay on input line 123.
LaTeX Font Info:    Checking defaults for OMX/cmex/m/n on input line 123.
LaTeX Font Info:    ... okay on input line 123.
LaTeX Font Info:    Checking defaults for U/cmr/m/n on input line 123.
LaTeX Font Info:    ... okay on input line 123.
LaTeX Font Info:    Checking defaults for T2A/cmr/m/n on input line 123.
LaTeX Font Info:    ... okay on input line 123.
LaTeX Font Info:    Checking defaults for PD1/pdf/m/n on input line 123.
LaTeX Font Info:    ... okay on input line 123.
LaTeX Font Info:    Checking defaults for PU/pdf/m/n on input line 123.
LaTeX Font Info:    ... okay on input line 123.
LaTeX Font Info:    Checking defaults for LY1/ptm/m/n on input line 123.
LaTeX Font Info:    Trying to load font information for LY1+ptm on input line 123.
 (/usr/local/texlive/2023/texmf-dist/tex/latex/ly1/ly1ptm.fd
File: ly1ptm.fd 2001/02/01 font definitions for LY1/ptm using Berry names.
)
LaTeX Font Info:    ... okay on input line 123.
LaTeX Info: Redefining \th on input line 123.

*geometry* driver: auto-detecting
*geometry* detected driver: pdftex
*geometry* verbose mode - [ preamble ] result:
* driver: pdftex
* paper: a4paper
* layout: <same size as paper>
* layoutoffset:(h,v)=(0.0pt,0.0pt)
* modes: 
* h-part:(L,W,R)=(48.36967pt, 500.76852pt, 48.36967pt)
* v-part:(T,H,B)=(48.36967pt, 739.77167pt, 56.9055pt)
* \paperwidth=597.50787pt
* \paperheight=845.04684pt
* \textwidth=500.76852pt
* \textheight=739.77167pt
* \oddsidemargin=-23.90031pt
* \evensidemargin=-23.90031pt
* \topmargin=-60.88887pt
* \headheight=22.76219pt
* \headsep=14.22636pt
* \topskip=12.0pt
* \footskip=30.0pt
* \marginparwidth=0.0pt
* \marginparsep=0.0pt
* \columnsep=10.0pt
* \skip\footins=10.8pt plus 4.0pt minus 2.0pt
* \hoffset=0.0pt
* \voffset=0.0pt
* \mag=1000
* \@twocolumnfalse
* \@twosidefalse
* \@mparswitchfalse
* \@reversemarginfalse
* (1in=72.27pt=25.4mm, 1cm=28.453pt)

(/usr/local/texlive/2023/texmf-dist/tex/context/base/mkii/supp-pdf.mkii
[Loading MPS to PDF converter (version 2006.09.02).]
\scratchcounter=\count297
\scratchdimen=\dimen170
\scratchbox=\box56
\nofMPsegments=\count298
\nofMParguments=\count299
\everyMPshowfont=\toks28
\MPscratchCnt=\count300
\MPscratchDim=\dimen171
\MPnumerator=\count301
\makeMPintoPDFobject=\count302
\everyMPtoPDFconversion=\toks29
) (/usr/local/texlive/2023/texmf-dist/tex/latex/epstopdf-pkg/epstopdf-base.sty
Package: epstopdf-base 2020-01-24 v2.11 Base part for package epstopdf
Package epstopdf-base Info: Redefining graphics rule for `.eps' on input line 485.
 (/usr/local/texlive/2023/texmf-dist/tex/latex/latexconfig/epstopdf-sys.cfg
File: epstopdf-sys.cfg 2010/07/13 v1.3 Configuration of (r)epstopdf for TeX Live
))
Package hyperref Info: Link coloring ON on input line 123.
 (./main.out) (./main.out)
\@outlinefile=\write3
\openout3 = `main.out'.

\c@lstlisting=\count303
\openout2 = `unformal_title.aux'.

 (./unformal_title.tex
<media/ITMO_logo.png, id=73, 1043.9pt x 411.5375pt>
File: media/ITMO_logo.png Graphic file (type png)
<use media/ITMO_logo.png>
Package pdftex.def Info: media/ITMO_logo.png  used on input line 43.
(pdftex.def)             Requested size: 113.81102pt x 44.86737pt.
<<ot1.cmap>><<oml.cmap>><<oms.cmap>><<omx.cmap>> [1


{/usr/local/texlive/2023/texmf-var/fonts/map/pdftex/updmap/pdftex.map}{/usr/local/texlive/2023/texmf-dist/fonts/enc/dvips/cm-super/cm-super-t2a.enc} <./media/ITMO_logo.png>]) (./main.toc)
\tf@toc=\write4
\openout4 = `main.toc'.


pdfTeX warning (ext4): destination with the same identifier (name{page.1}) has been already used, duplicate ignored
<to be read again> 
                   \relax 
l.129 
       [1


]
\openout2 = `content.aux'.

 (./content.tex (./1.tex
</Users/nikolajprovorov/Yandex.Disk-368690@edu.itmo.ru.localized/Lab_5_FURRY/plots/1000_20/wave_func.png, id=112, 578.16pt x 361.35pt>
File: /Users/nikolajprovorov/Yandex.Disk-368690@edu.itmo.ru.localized/Lab_5_FURRY/plots/1000_20/wave_func.png Graphic file (type png)
<use /Users/nikolajprovorov/Yandex.Disk-368690@edu.itmo.ru.localized/Lab_5_FURRY/plots/1000_20/wave_func.png>
Package pdftex.def Info: /Users/nikolajprovorov/Yandex.Disk-368690@edu.itmo.ru.localized/Lab_5_FURRY/plots/1000_20/wave_func.png  used on input line 24.
(pdftex.def)             Requested size: 500.76852pt x 312.97699pt.
 [2

 </Users/nikolajprovorov/Yandex.Disk-368690@edu.itmo.ru.localized/Lab_5_FURRY/plots/1000_20/wave_func.png>]
</Users/nikolajprovorov/Yandex.Disk-368690@edu.itmo.ru.localized/Lab_5_FURRY/plots/1000_20/true_image.png, id=127, 578.16pt x 361.35pt>
File: /Users/nikolajprovorov/Yandex.Disk-368690@edu.itmo.ru.localized/Lab_5_FURRY/plots/1000_20/true_image.png Graphic file (type png)
<use /Users/nikolajprovorov/Yandex.Disk-368690@edu.itmo.ru.localized/Lab_5_FURRY/plots/1000_20/true_image.png>
Package pdftex.def Info: /Users/nikolajprovorov/Yandex.Disk-368690@edu.itmo.ru.localized/Lab_5_FURRY/plots/1000_20/true_image.png  used on input line 42.
(pdftex.def)             Requested size: 500.76852pt x 312.97699pt.
 [3

 </Users/nikolajprovorov/Yandex.Disk-368690@edu.itmo.ru.localized/Lab_5_FURRY/plots/1000_20/true_image.png>]
</Users/nikolajprovorov/Yandex.Disk-368690@edu.itmo.ru.localized/Lab_5_FURRY/plots/1000_20/num_image.png, id=138, 578.16pt x 361.35pt>
File: /Users/nikolajprovorov/Yandex.Disk-368690@edu.itmo.ru.localized/Lab_5_FURRY/plots/1000_20/num_image.png Graphic file (type png)
<use /Users/nikolajprovorov/Yandex.Disk-368690@edu.itmo.ru.localized/Lab_5_FURRY/plots/1000_20/num_image.png>
Package pdftex.def Info: /Users/nikolajprovorov/Yandex.Disk-368690@edu.itmo.ru.localized/Lab_5_FURRY/plots/1000_20/num_image.png  used on input line 54.
(pdftex.def)             Requested size: 500.76852pt x 312.97699pt.
</Users/nikolajprovorov/Yandex.Disk-368690@edu.itmo.ru.localized/Lab_5_FURRY/plots/1000_20/cmp_restored.png, id=139, 578.16pt x 361.35pt>
File: /Users/nikolajprovorov/Yandex.Disk-368690@edu.itmo.ru.localized/Lab_5_FURRY/plots/1000_20/cmp_restored.png Graphic file (type png)
<use /Users/nikolajprovorov/Yandex.Disk-368690@edu.itmo.ru.localized/Lab_5_FURRY/plots/1000_20/cmp_restored.png>
Package pdftex.def Info: /Users/nikolajprovorov/Yandex.Disk-368690@edu.itmo.ru.localized/Lab_5_FURRY/plots/1000_20/cmp_restored.png  used on input line 66.
(pdftex.def)             Requested size: 500.76852pt x 312.97699pt.
 [4

 </Users/nikolajprovorov/Yandex.Disk-368690@edu.itmo.ru.localized/Lab_5_FURRY/plots/1000_20/num_image.png>] [5 </Users/nikolajprovorov/Yandex.Disk-368690@edu.itmo.ru.localized/Lab_5_FURRY/plots/1000_20/cmp_restored.png>]
</Users/nikolajprovorov/Yandex.Disk-368690@edu.itmo.ru.localized/Lab_5_FURRY/plots/1000_50/cmp_restored.png, id=152, 578.16pt x 361.35pt>
File: /Users/nikolajprovorov/Yandex.Disk-368690@edu.itmo.ru.localized/Lab_5_FURRY/plots/1000_50/cmp_restored.png Graphic file (type png)
<use /Users/nikolajprovorov/Yandex.Disk-368690@edu.itmo.ru.localized/Lab_5_FURRY/plots/1000_50/cmp_restored.png>
Package pdftex.def Info: /Users/nikolajprovorov/Yandex.Disk-368690@edu.itmo.ru.localized/Lab_5_FURRY/plots/1000_50/cmp_restored.png  used on input line 80.
(pdftex.def)             Requested size: 500.76852pt x 312.97699pt.
 [6

 </Users/nikolajprovorov/Yandex.Disk-368690@edu.itmo.ru.localized/Lab_5_FURRY/plots/1000_50/cmp_restored.png>]
</Users/nikolajprovorov/Yandex.Disk-368690@edu.itmo.ru.localized/Lab_5_FURRY/plots/5000_50/cmp_restored.png, id=160, 578.16pt x 361.35pt>
File: /Users/nikolajprovorov/Yandex.Disk-368690@edu.itmo.ru.localized/Lab_5_FURRY/plots/5000_50/cmp_restored.png Graphic file (type png)
<use /Users/nikolajprovorov/Yandex.Disk-368690@edu.itmo.ru.localized/Lab_5_FURRY/plots/5000_50/cmp_restored.png>
Package pdftex.def Info: /Users/nikolajprovorov/Yandex.Disk-368690@edu.itmo.ru.localized/Lab_5_FURRY/plots/5000_50/cmp_restored.png  used on input line 90.
(pdftex.def)             Requested size: 500.76852pt x 312.97699pt.
 [7

 </Users/nikolajprovorov/Yandex.Disk-368690@edu.itmo.ru.localized/Lab_5_FURRY/plots/5000_50/cmp_restored.png>]
</Users/nikolajprovorov/Yandex.Disk-368690@edu.itmo.ru.localized/Lab_5_FURRY/plots/fft_10000/dft_image.png, id=167, 578.16pt x 361.35pt>
File: /Users/nikolajprovorov/Yandex.Disk-368690@edu.itmo.ru.localized/Lab_5_FURRY/plots/fft_10000/dft_image.png Graphic file (type png)
<use /Users/nikolajprovorov/Yandex.Disk-368690@edu.itmo.ru.localized/Lab_5_FURRY/plots/fft_10000/dft_image.png>
Package pdftex.def Info: /Users/nikolajprovorov/Yandex.Disk-368690@edu.itmo.ru.localized/Lab_5_FURRY/plots/fft_10000/dft_image.png  used on input line 120.
(pdftex.def)             Requested size: 400.61633pt x 250.38489pt.
 [8

 </Users/nikolajprovorov/Yandex.Disk-368690@edu.itmo.ru.localized/Lab_5_FURRY/plots/fft_10000/dft_image.png>]
</Users/nikolajprovorov/Yandex.Disk-368690@edu.itmo.ru.localized/Lab_5_FURRY/plots/fft_10000/cmp_func.png, id=177, 578.16pt x 361.35pt>
File: /Users/nikolajprovorov/Yandex.Disk-368690@edu.itmo.ru.localized/Lab_5_FURRY/plots/fft_10000/cmp_func.png Graphic file (type png)
<use /Users/nikolajprovorov/Yandex.Disk-368690@edu.itmo.ru.localized/Lab_5_FURRY/plots/fft_10000/cmp_func.png>
Package pdftex.def Info: /Users/nikolajprovorov/Yandex.Disk-368690@edu.itmo.ru.localized/Lab_5_FURRY/plots/fft_10000/cmp_func.png  used on input line 128.
(pdftex.def)             Requested size: 400.61633pt x 250.38489pt.
</Users/nikolajprovorov/Yandex.Disk-368690@edu.itmo.ru.localized/Lab_5_FURRY/plots/fft_10000/dft_cont_image.png, id=178, 578.16pt x 361.35pt>
File: /Users/nikolajprovorov/Yandex.Disk-368690@edu.itmo.ru.localized/Lab_5_FURRY/plots/fft_10000/dft_cont_image.png Graphic file (type png)
<use /Users/nikolajprovorov/Yandex.Disk-368690@edu.itmo.ru.localized/Lab_5_FURRY/plots/fft_10000/dft_cont_image.png>
Package pdftex.def Info: /Users/nikolajprovorov/Yandex.Disk-368690@edu.itmo.ru.localized/Lab_5_FURRY/plots/fft_10000/dft_cont_image.png  used on input line 148.
(pdftex.def)             Requested size: 400.61633pt x 250.38489pt.
</Users/nikolajprovorov/Yandex.Disk-368690@edu.itmo.ru.localized/Lab_5_FURRY/plots/fft_10000/num_restored.png, id=179, 578.16pt x 361.35pt>
File: /Users/nikolajprovorov/Yandex.Disk-368690@edu.itmo.ru.localized/Lab_5_FURRY/plots/fft_10000/num_restored.png Graphic file (type png)
<use /Users/nikolajprovorov/Yandex.Disk-368690@edu.itmo.ru.localized/Lab_5_FURRY/plots/fft_10000/num_restored.png>
Package pdftex.def Info: /Users/nikolajprovorov/Yandex.Disk-368690@edu.itmo.ru.localized/Lab_5_FURRY/plots/fft_10000/num_restored.png  used on input line 156.
(pdftex.def)             Requested size: 400.61633pt x 250.38489pt.
 [9

 </Users/nikolajprovorov/Yandex.Disk-368690@edu.itmo.ru.localized/Lab_5_FURRY/plots/fft_10000/cmp_func.png>] [10 </Users/nikolajprovorov/Yandex.Disk-368690@edu.itmo.ru.localized/Lab_5_FURRY/plots/fft_10000/dft_cont_image.png> </Users/nikolajprovorov/Yandex.Disk-368690@edu.itmo.ru.localized/Lab_5_FURRY/plots/fft_10000/num_restored.png>]) (./2.tex
</Users/nikolajprovorov/Yandex.Disk-368690@edu.itmo.ru.localized/Lab_5_FURRY/plots/interpolation_1/source_func.png, id=196, 578.16pt x 361.35pt>
File: /Users/nikolajprovorov/Yandex.Disk-368690@edu.itmo.ru.localized/Lab_5_FURRY/plots/interpolation_1/source_func.png Graphic file (type png)
<use /Users/nikolajprovorov/Yandex.Disk-368690@edu.itmo.ru.localized/Lab_5_FURRY/plots/interpolation_1/source_func.png>
Package pdftex.def Info: /Users/nikolajprovorov/Yandex.Disk-368690@edu.itmo.ru.localized/Lab_5_FURRY/plots/interpolation_1/source_func.png  used on input line 15.
(pdftex.def)             Requested size: 500.76852pt x 312.97699pt.
 [11

 </Users/nikolajprovorov/Yandex.Disk-368690@edu.itmo.ru.localized/Lab_5_FURRY/plots/interpolation_1/source_func.png>]
</Users/nikolajprovorov/Yandex.Disk-368690@edu.itmo.ru.localized/Lab_5_FURRY/plots/interpolation_1/sampled_func.png, id=204, 578.16pt x 361.35pt>
File: /Users/nikolajprovorov/Yandex.Disk-368690@edu.itmo.ru.localized/Lab_5_FURRY/plots/interpolation_1/sampled_func.png Graphic file (type png)
<use /Users/nikolajprovorov/Yandex.Disk-368690@edu.itmo.ru.localized/Lab_5_FURRY/plots/interpolation_1/sampled_func.png>
Package pdftex.def Info: /Users/nikolajprovorov/Yandex.Disk-368690@edu.itmo.ru.localized/Lab_5_FURRY/plots/interpolation_1/sampled_func.png  used on input line 25.
(pdftex.def)             Requested size: 400.61633pt x 250.38489pt.
</Users/nikolajprovorov/Yandex.Disk-368690@edu.itmo.ru.localized/Lab_5_FURRY/plots/interpolation_1/cmp_func.png, id=205, 578.16pt x 361.35pt>
File: /Users/nikolajprovorov/Yandex.Disk-368690@edu.itmo.ru.localized/Lab_5_FURRY/plots/interpolation_1/cmp_func.png Graphic file (type png)
<use /Users/nikolajprovorov/Yandex.Disk-368690@edu.itmo.ru.localized/Lab_5_FURRY/plots/interpolation_1/cmp_func.png>
Package pdftex.def Info: /Users/nikolajprovorov/Yandex.Disk-368690@edu.itmo.ru.localized/Lab_5_FURRY/plots/interpolation_1/cmp_func.png  used on input line 33.
(pdftex.def)             Requested size: 400.61633pt x 250.38489pt.
 [12

 </Users/nikolajprovorov/Yandex.Disk-368690@edu.itmo.ru.localized/Lab_5_FURRY/plots/interpolation_1/sampled_func.png> </Users/nikolajprovorov/Yandex.Disk-368690@edu.itmo.ru.localized/Lab_5_FURRY/plots/interpolation_1/cmp_func.png>]
</Users/nikolajprovorov/Yandex.Disk-368690@edu.itmo.ru.localized/Lab_5_FURRY/plots/interpolation_1/cmp_func_interpolated.png, id=215, 578.16pt x 361.35pt>
File: /Users/nikolajprovorov/Yandex.Disk-368690@edu.itmo.ru.localized/Lab_5_FURRY/plots/interpolation_1/cmp_func_interpolated.png Graphic file (type png)
<use /Users/nikolajprovorov/Yandex.Disk-368690@edu.itmo.ru.localized/Lab_5_FURRY/plots/interpolation_1/cmp_func_interpolated.png>
Package pdftex.def Info: /Users/nikolajprovorov/Yandex.Disk-368690@edu.itmo.ru.localized/Lab_5_FURRY/plots/interpolation_1/cmp_func_interpolated.png  used on input line 49.
(pdftex.def)             Requested size: 500.76852pt x 312.97699pt.
 [13

 </Users/nikolajprovorov/Yandex.Disk-368690@edu.itmo.ru.localized/Lab_5_FURRY/plots/interpolation_1/cmp_func_interpolated.png>]
</Users/nikolajprovorov/Yandex.Disk-368690@edu.itmo.ru.localized/Lab_5_FURRY/plots/interpolation_2/cmp_func.png, id=223, 578.16pt x 361.35pt>
File: /Users/nikolajprovorov/Yandex.Disk-368690@edu.itmo.ru.localized/Lab_5_FURRY/plots/interpolation_2/cmp_func.png Graphic file (type png)
<use /Users/nikolajprovorov/Yandex.Disk-368690@edu.itmo.ru.localized/Lab_5_FURRY/plots/interpolation_2/cmp_func.png>
Package pdftex.def Info: /Users/nikolajprovorov/Yandex.Disk-368690@edu.itmo.ru.localized/Lab_5_FURRY/plots/interpolation_2/cmp_func.png  used on input line 63.
(pdftex.def)             Requested size: 350.53644pt x 219.08333pt.
</Users/nikolajprovorov/Yandex.Disk-368690@edu.itmo.ru.localized/Lab_5_FURRY/plots/interpolation_2/cmp_func_interpolated.png, id=224, 578.16pt x 361.35pt>
File: /Users/nikolajprovorov/Yandex.Disk-368690@edu.itmo.ru.localized/Lab_5_FURRY/plots/interpolation_2/cmp_func_interpolated.png Graphic file (type png)
<use /Users/nikolajprovorov/Yandex.Disk-368690@edu.itmo.ru.localized/Lab_5_FURRY/plots/interpolation_2/cmp_func_interpolated.png>
Package pdftex.def Info: /Users/nikolajprovorov/Yandex.Disk-368690@edu.itmo.ru.localized/Lab_5_FURRY/plots/interpolation_2/cmp_func_interpolated.png  used on input line 71.
(pdftex.def)             Requested size: 350.53644pt x 219.08333pt.
 [14

 </Users/nikolajprovorov/Yandex.Disk-368690@edu.itmo.ru.localized/Lab_5_FURRY/plots/interpolation_2/cmp_func.png> </Users/nikolajprovorov/Yandex.Disk-368690@edu.itmo.ru.localized/Lab_5_FURRY/plots/interpolation_2/cmp_func_interpolated.png>]
</Users/nikolajprovorov/Yandex.Disk-368690@edu.itmo.ru.localized/Lab_5_FURRY/plots/interpolation_3/cmp_func.png, id=233, 578.16pt x 361.35pt>
File: /Users/nikolajprovorov/Yandex.Disk-368690@edu.itmo.ru.localized/Lab_5_FURRY/plots/interpolation_3/cmp_func.png Graphic file (type png)
<use /Users/nikolajprovorov/Yandex.Disk-368690@edu.itmo.ru.localized/Lab_5_FURRY/plots/interpolation_3/cmp_func.png>
Package pdftex.def Info: /Users/nikolajprovorov/Yandex.Disk-368690@edu.itmo.ru.localized/Lab_5_FURRY/plots/interpolation_3/cmp_func.png  used on input line 81.
(pdftex.def)             Requested size: 350.53644pt x 219.08333pt.
</Users/nikolajprovorov/Yandex.Disk-368690@edu.itmo.ru.localized/Lab_5_FURRY/plots/interpolation_3/cmp_func_interpolated.png, id=234, 578.16pt x 361.35pt>
File: /Users/nikolajprovorov/Yandex.Disk-368690@edu.itmo.ru.localized/Lab_5_FURRY/plots/interpolation_3/cmp_func_interpolated.png Graphic file (type png)
<use /Users/nikolajprovorov/Yandex.Disk-368690@edu.itmo.ru.localized/Lab_5_FURRY/plots/interpolation_3/cmp_func_interpolated.png>
Package pdftex.def Info: /Users/nikolajprovorov/Yandex.Disk-368690@edu.itmo.ru.localized/Lab_5_FURRY/plots/interpolation_3/cmp_func_interpolated.png  used on input line 89.
(pdftex.def)             Requested size: 350.53644pt x 219.08333pt.
 [15

 </Users/nikolajprovorov/Yandex.Disk-368690@edu.itmo.ru.localized/Lab_5_FURRY/plots/interpolation_3/cmp_func.png> </Users/nikolajprovorov/Yandex.Disk-368690@edu.itmo.ru.localized/Lab_5_FURRY/plots/interpolation_3/cmp_func_interpolated.png>]
</Users/nikolajprovorov/Yandex.Disk-368690@edu.itmo.ru.localized/Lab_5_FURRY/plots/interpolation_6/cmp_func.png, id=243, 578.16pt x 361.35pt>
File: /Users/nikolajprovorov/Yandex.Disk-368690@edu.itmo.ru.localized/Lab_5_FURRY/plots/interpolation_6/cmp_func.png Graphic file (type png)
<use /Users/nikolajprovorov/Yandex.Disk-368690@edu.itmo.ru.localized/Lab_5_FURRY/plots/interpolation_6/cmp_func.png>
Package pdftex.def Info: /Users/nikolajprovorov/Yandex.Disk-368690@edu.itmo.ru.localized/Lab_5_FURRY/plots/interpolation_6/cmp_func.png  used on input line 99.
(pdftex.def)             Requested size: 400.61633pt x 250.38489pt.
</Users/nikolajprovorov/Yandex.Disk-368690@edu.itmo.ru.localized/Lab_5_FURRY/plots/interpolation_6/cmp_func_interpolated.png, id=244, 578.16pt x 361.35pt>
File: /Users/nikolajprovorov/Yandex.Disk-368690@edu.itmo.ru.localized/Lab_5_FURRY/plots/interpolation_6/cmp_func_interpolated.png Graphic file (type png)
<use /Users/nikolajprovorov/Yandex.Disk-368690@edu.itmo.ru.localized/Lab_5_FURRY/plots/interpolation_6/cmp_func_interpolated.png>
Package pdftex.def Info: /Users/nikolajprovorov/Yandex.Disk-368690@edu.itmo.ru.localized/Lab_5_FURRY/plots/interpolation_6/cmp_func_interpolated.png  used on input line 107.
(pdftex.def)             Requested size: 400.61633pt x 250.38489pt.
 [16

 </Users/nikolajprovorov/Yandex.Disk-368690@edu.itmo.ru.localized/Lab_5_FURRY/plots/interpolation_6/cmp_func.png> </Users/nikolajprovorov/Yandex.Disk-368690@edu.itmo.ru.localized/Lab_5_FURRY/plots/interpolation_6/cmp_func_interpolated.png>]
</Users/nikolajprovorov/Yandex.Disk-368690@edu.itmo.ru.localized/Lab_5_FURRY/plots/interpolation_4/source_func.png, id=253, 578.16pt x 361.35pt>
File: /Users/nikolajprovorov/Yandex.Disk-368690@edu.itmo.ru.localized/Lab_5_FURRY/plots/interpolation_4/source_func.png Graphic file (type png)
<use /Users/nikolajprovorov/Yandex.Disk-368690@edu.itmo.ru.localized/Lab_5_FURRY/plots/interpolation_4/source_func.png>
Package pdftex.def Info: /Users/nikolajprovorov/Yandex.Disk-368690@edu.itmo.ru.localized/Lab_5_FURRY/plots/interpolation_4/source_func.png  used on input line 127.
(pdftex.def)             Requested size: 500.76852pt x 312.97699pt.
 [17

 </Users/nikolajprovorov/Yandex.Disk-368690@edu.itmo.ru.localized/Lab_5_FURRY/plots/interpolation_4/source_func.png>]
</Users/nikolajprovorov/Yandex.Disk-368690@edu.itmo.ru.localized/Lab_5_FURRY/plots/interpolation_4/cmp_func.png, id=261, 578.16pt x 361.35pt>
File: /Users/nikolajprovorov/Yandex.Disk-368690@edu.itmo.ru.localized/Lab_5_FURRY/plots/interpolation_4/cmp_func.png Graphic file (type png)
<use /Users/nikolajprovorov/Yandex.Disk-368690@edu.itmo.ru.localized/Lab_5_FURRY/plots/interpolation_4/cmp_func.png>
Package pdftex.def Info: /Users/nikolajprovorov/Yandex.Disk-368690@edu.itmo.ru.localized/Lab_5_FURRY/plots/interpolation_4/cmp_func.png  used on input line 139.
(pdftex.def)             Requested size: 400.61633pt x 250.38489pt.
</Users/nikolajprovorov/Yandex.Disk-368690@edu.itmo.ru.localized/Lab_5_FURRY/plots/interpolation_4/cmp_func_interpolated.png, id=262, 578.16pt x 361.35pt>
File: /Users/nikolajprovorov/Yandex.Disk-368690@edu.itmo.ru.localized/Lab_5_FURRY/plots/interpolation_4/cmp_func_interpolated.png Graphic file (type png)
<use /Users/nikolajprovorov/Yandex.Disk-368690@edu.itmo.ru.localized/Lab_5_FURRY/plots/interpolation_4/cmp_func_interpolated.png>
Package pdftex.def Info: /Users/nikolajprovorov/Yandex.Disk-368690@edu.itmo.ru.localized/Lab_5_FURRY/plots/interpolation_4/cmp_func_interpolated.png  used on input line 147.
(pdftex.def)             Requested size: 400.61633pt x 250.38489pt.
 [18

 </Users/nikolajprovorov/Yandex.Disk-368690@edu.itmo.ru.localized/Lab_5_FURRY/plots/interpolation_4/cmp_func.png> </Users/nikolajprovorov/Yandex.Disk-368690@edu.itmo.ru.localized/Lab_5_FURRY/plots/interpolation_4/cmp_func_interpolated.png>]
</Users/nikolajprovorov/Yandex.Disk-368690@edu.itmo.ru.localized/Lab_5_FURRY/plots/interpolation_5/cmp_func.png, id=272, 578.16pt x 361.35pt>
File: /Users/nikolajprovorov/Yandex.Disk-368690@edu.itmo.ru.localized/Lab_5_FURRY/plots/interpolation_5/cmp_func.png Graphic file (type png)
<use /Users/nikolajprovorov/Yandex.Disk-368690@edu.itmo.ru.localized/Lab_5_FURRY/plots/interpolation_5/cmp_func.png>
Package pdftex.def Info: /Users/nikolajprovorov/Yandex.Disk-368690@edu.itmo.ru.localized/Lab_5_FURRY/plots/interpolation_5/cmp_func.png  used on input line 159.
(pdftex.def)             Requested size: 400.61633pt x 250.38489pt.
</Users/nikolajprovorov/Yandex.Disk-368690@edu.itmo.ru.localized/Lab_5_FURRY/plots/interpolation_5/cmp_func_interpolated.png, id=273, 578.16pt x 361.35pt>
File: /Users/nikolajprovorov/Yandex.Disk-368690@edu.itmo.ru.localized/Lab_5_FURRY/plots/interpolation_5/cmp_func_interpolated.png Graphic file (type png)
<use /Users/nikolajprovorov/Yandex.Disk-368690@edu.itmo.ru.localized/Lab_5_FURRY/plots/interpolation_5/cmp_func_interpolated.png>
Package pdftex.def Info: /Users/nikolajprovorov/Yandex.Disk-368690@edu.itmo.ru.localized/Lab_5_FURRY/plots/interpolation_5/cmp_func_interpolated.png  used on input line 167.
(pdftex.def)             Requested size: 400.61633pt x 250.38489pt.
 [19

 </Users/nikolajprovorov/Yandex.Disk-368690@edu.itmo.ru.localized/Lab_5_FURRY/plots/interpolation_5/cmp_func.png> </Users/nikolajprovorov/Yandex.Disk-368690@edu.itmo.ru.localized/Lab_5_FURRY/plots/interpolation_5/cmp_func_interpolated.png>]
</Users/nikolajprovorov/Yandex.Disk-368690@edu.itmo.ru.localized/Lab_5_FURRY/plots/interpolation_4/image.png, id=282, 578.16pt x 361.35pt>
File: /Users/nikolajprovorov/Yandex.Disk-368690@edu.itmo.ru.localized/Lab_5_FURRY/plots/interpolation_4/image.png Graphic file (type png)
<use /Users/nikolajprovorov/Yandex.Disk-368690@edu.itmo.ru.localized/Lab_5_FURRY/plots/interpolation_4/image.png>
Package pdftex.def Info: /Users/nikolajprovorov/Yandex.Disk-368690@edu.itmo.ru.localized/Lab_5_FURRY/plots/interpolation_4/image.png  used on input line 181.
(pdftex.def)             Requested size: 400.61633pt x 250.38489pt.
</Users/nikolajprovorov/Yandex.Disk-368690@edu.itmo.ru.localized/Lab_5_FURRY/plots/interpolation_4/restored_image.png, id=283, 578.16pt x 361.35pt>
File: /Users/nikolajprovorov/Yandex.Disk-368690@edu.itmo.ru.localized/Lab_5_FURRY/plots/interpolation_4/restored_image.png Graphic file (type png)
<use /Users/nikolajprovorov/Yandex.Disk-368690@edu.itmo.ru.localized/Lab_5_FURRY/plots/interpolation_4/restored_image.png>
Package pdftex.def Info: /Users/nikolajprovorov/Yandex.Disk-368690@edu.itmo.ru.localized/Lab_5_FURRY/plots/interpolation_4/restored_image.png  used on input line 187.
(pdftex.def)             Requested size: 400.61633pt x 250.38489pt.
 [20

 </Users/nikolajprovorov/Yandex.Disk-368690@edu.itmo.ru.localized/Lab_5_FURRY/plots/interpolation_4/image.png> </Users/nikolajprovorov/Yandex.Disk-368690@edu.itmo.ru.localized/Lab_5_FURRY/plots/interpolation_4/restored_image.png>]
</Users/nikolajprovorov/Yandex.Disk-368690@edu.itmo.ru.localized/Lab_5_FURRY/plots/interpolation_5/image.png, id=292, 578.16pt x 361.35pt>
File: /Users/nikolajprovorov/Yandex.Disk-368690@edu.itmo.ru.localized/Lab_5_FURRY/plots/interpolation_5/image.png Graphic file (type png)
<use /Users/nikolajprovorov/Yandex.Disk-368690@edu.itmo.ru.localized/Lab_5_FURRY/plots/interpolation_5/image.png>
Package pdftex.def Info: /Users/nikolajprovorov/Yandex.Disk-368690@edu.itmo.ru.localized/Lab_5_FURRY/plots/interpolation_5/image.png  used on input line 197.
(pdftex.def)             Requested size: 400.61633pt x 250.38489pt.
</Users/nikolajprovorov/Yandex.Disk-368690@edu.itmo.ru.localized/Lab_5_FURRY/plots/interpolation_5/restored_image.png, id=293, 578.16pt x 361.35pt>
File: /Users/nikolajprovorov/Yandex.Disk-368690@edu.itmo.ru.localized/Lab_5_FURRY/plots/interpolation_5/restored_image.png Graphic file (type png)
<use /Users/nikolajprovorov/Yandex.Disk-368690@edu.itmo.ru.localized/Lab_5_FURRY/plots/interpolation_5/restored_image.png>
Package pdftex.def Info: /Users/nikolajprovorov/Yandex.Disk-368690@edu.itmo.ru.localized/Lab_5_FURRY/plots/interpolation_5/restored_image.png  used on input line 203.
(pdftex.def)             Requested size: 400.61633pt x 250.38489pt.
 [21

 </Users/nikolajprovorov/Yandex.Disk-368690@edu.itmo.ru.localized/Lab_5_FURRY/plots/interpolation_5/image.png> </Users/nikolajprovorov/Yandex.Disk-368690@edu.itmo.ru.localized/Lab_5_FURRY/plots/interpolation_5/restored_image.png>])) [22

] (./main.aux (./unformal_title.aux) (./content.aux))
Package rerunfilecheck Info: File `main.out' has not changed.
(rerunfilecheck)             Checksum: 0F724256C555B05809580A9B057E0B43;5071.
 ) 
Here is how much of TeX's memory you used:
 14386 strings out of 476025
 243648 string characters out of 5790017
 1857388 words of memory out of 5000000
 34451 multiletter control sequences out of 15000+600000
 527496 words of font info for 62 fonts, out of 8000000 for 9000
 1141 hyphenation exceptions out of 8191
 75i,9n,95p,697b,469s stack positions out of 10000i,1000n,20000p,200000b,200000s
</usr/local/texlive/2023/texmf-dist/fonts/type1/public/amsfonts/cm/cmex10.pfb></usr/local/texlive/2023/texmf-dist/fonts/type1/public/amsfonts/cm/cmmi12.pfb></usr/local/texlive/2023/texmf-dist/fonts/type1/public/amsfonts/cm/cmmi6.pfb></usr/local/texlive/2023/texmf-dist/fonts/type1/public/amsfonts/cm/cmmi8.pfb></usr/local/texlive/2023/texmf-dist/fonts/type1/public/amsfonts/cm/cmr12.pfb></usr/local/texlive/2023/texmf-dist/fonts/type1/public/amsfonts/cm/cmr6.pfb></usr/local/texlive/2023/texmf-dist/fonts/type1/public/amsfonts/cm/cmr8.pfb></usr/local/texlive/2023/texmf-dist/fonts/type1/public/amsfonts/cm/cmsy10.pfb></usr/local/texlive/2023/texmf-dist/fonts/type1/public/amsfonts/cm/cmsy8.pfb></usr/local/texlive/2023/texmf-dist/fonts/type1/public/cm-super/sfbx1200.pfb></usr/local/texlive/2023/texmf-dist/fonts/type1/public/cm-super/sfbx1440.pfb></usr/local/texlive/2023/texmf-dist/fonts/type1/public/cm-super/sfbx1728.pfb></usr/local/texlive/2023/texmf-dist/fonts/type1/public/cm-super/sfrm1095.pfb></usr/local/texlive/2023/texmf-dist/fonts/type1/public/cm-super/sfrm1200.pfb></usr/local/texlive/2023/texmf-dist/fonts/type1/public/cm-super/sfrm1440.pfb></usr/local/texlive/2023/texmf-dist/fonts/type1/public/cm-super/sfrm2074.pfb></usr/local/texlive/2023/texmf-dist/fonts/type1/public/cm-super/sfxc1440.pfb>
Output written on main.pdf (23 pages, 1434031 bytes).
PDF statistics:
 382 PDF objects out of 1000 (max. 8388607)
 271 compressed objects within 3 object streams
 78 named destinations out of 1000 (max. 500000)
 307 words of extra memory for PDF output out of 10000 (max. 10000000)

